<?xml version="1.0" encoding="UTF-8"?>
<!-- Generated by org.testng.reporters.JUnitXMLReporter -->
<testsuite ignored="0" hostname="TeamOs-PC" failures="0" tests="5" name="Default test" time="50.302" errors="0" timestamp="2023-06-07T14:14:36 BDT">
  <testcase classname="TestCase_Selenium4_TestNG_Jenkins_GitCloud.TestCaseFor_LoginPage" name="EmptyUsernamePasswordForLoginPage" time="0.384"/>
  <testcase classname="TestCase_Selenium4_TestNG_Jenkins_GitCloud.TestCaseFor_LoginPage" name="InvalidUsernameInvalidPasswordForLoginPage" time="0.439"/>
  <testcase classname="TestCase_Selenium4_TestNG_Jenkins_GitCloud.TestCaseFor_LoginPage" name="InvalidUsernameValidPasswordForLoginPage" time="0.482"/>
  <testcase classname="TestCase_Selenium4_TestNG_Jenkins_GitCloud.TestCaseFor_LoginPage" name="validUsernameInvalidPasswordForLoginPage" time="0.536"/>
  <testcase classname="TestCase_Selenium4_TestNG_Jenkins_GitCloud.TestCaseFor_LoginPage" name="validUsernamePasswordForLoginPage" time="0.499"/>
</testsuite> <!-- Default test -->
