<?xml version="1.0" encoding="UTF-8"?>
<!-- Generated by org.testng.reporters.JUnitXMLReporter -->
<testsuite ignored="0" hostname="TeamOs-PC" failures="0" tests="4" name="Test" time="32.522" errors="0" timestamp="2023-06-07T12:02:41 BDT">
  <testcase classname="TestCase_Selenium4_TestNG_Jenkins_GitCloud.TestCaseFor_LoginPage" name="InvalidUsernameInvalidPasswordForLoginPage" time="2.585"/>
  <testcase classname="TestCase_Selenium4_TestNG_Jenkins_GitCloud.TestCaseFor_LoginPage" name="InvalidUsernameValidPasswordForLoginPage" time="1.887"/>
  <testcase classname="TestCase_Selenium4_TestNG_Jenkins_GitCloud.TestCaseFor_LoginPage" name="validUsernameInvalidPasswordForLoginPage" time="2.736"/>
  <testcase classname="TestCase_Selenium4_TestNG_Jenkins_GitCloud.TestCaseFor_LoginPage" name="validUsernamePasswordForLoginPage" time="1.989"/>
</testsuite> <!-- Test -->
